<?xml version="1.0" encoding="UTF-8"?>
<!-- Generated by org.testng.reporters.JUnitReportReporter -->
<testsuite hostname="INLEN8520037407" failures="0" tests="1" name="com.replicon.weekWorkTime" time="18.229" errors="0" timestamp="2024-04-02T23:10:19 IST" skipped="0">
  <testcase classname="com.replicon.weekWorkTime" name="printWeekWorkTime" time="18.229"/>
</testsuite> <!-- com.replicon.weekWorkTime -->
