<?xml version="1.0" encoding="UTF-8"?>
<!-- Generated by org.testng.reporters.JUnitReportReporter -->
<testsuite hostname="INLEN8520037407" failures="0" tests="1" name="TestClass" time="0.007" errors="0" timestamp="2024-03-06T00:20:48 IST" skipped="0">
  <testcase classname="TestClass" name="testt" time="0.007"/>
</testsuite> <!-- TestClass -->
