<?xml version="1.0" encoding="UTF-8"?>
<!-- Generated by org.testng.reporters.JUnitReportReporter -->
<testsuite hostname="INLEN8520037407" failures="0" tests="1" name="com.demo.test.Scenario2Final" time="35.458" errors="0" timestamp="2024-03-08T14:37:01 IST" skipped="0">
  <testcase classname="com.demo.test.Scenario2Final" name="ExecutingTheFlow" time="35.458"/>
</testsuite> <!-- com.demo.test.Scenario2Final -->
