<?xml version="1.0" encoding="UTF-8"?>
<!-- Generated by org.testng.reporters.JUnitReportReporter -->
<testsuite hostname="INLEN8520037407" failures="0" tests="3" name="com.demo.test.Annotations" time="0.011" errors="0" timestamp="2024-03-07T00:03:20 IST" skipped="0">
  <testcase classname="com.demo.test.Annotations" name="testMethod2" time="0.003"/>
  <testcase classname="com.demo.test.Annotations" name="testMethod" time="0.006"/>
  <testcase classname="com.demo.test.Annotations" name="testMethod3" time="0.002"/>
</testsuite> <!-- com.demo.test.Annotations -->
