<?xml version="1.0" encoding="UTF-8"?>
<!-- Generated by org.testng.reporters.JUnitReportReporter -->
<testsuite hostname="INLEN8520037407" failures="0" tests="1" name="com.demo.test.RaviTest" time="4.844" errors="0" timestamp="2024-03-06T01:20:33 IST" skipped="0">
  <testcase classname="com.demo.test.RaviTest" name="test" time="4.844"/>
</testsuite> <!-- com.demo.test.RaviTest -->
