<?xml version="1.0" encoding="UTF-8"?>
<!-- Generated by org.testng.reporters.JUnitReportReporter -->
<testsuite hostname="INLEN8520037407" failures="0" tests="1" name="com.ravi.Scenario2Final" time="36.307" errors="0" timestamp="2024-03-08T14:34:51 IST" skipped="0">
  <testcase classname="com.ravi.Scenario2Final" name="openAppp" time="36.307"/>
</testsuite> <!-- com.ravi.Scenario2Final -->
