<?xml version="1.0" encoding="UTF-8"?>
<!-- Generated by org.testng.reporters.JUnitReportReporter -->
<testsuite hostname="INLEN8520037407" failures="0" tests="1" name="com.ravi.Scenario3Util" time="5.916" errors="0" timestamp="2024-03-19T16:54:56 IST" skipped="0">
  <testcase classname="com.ravi.Scenario3Util" name="test" time="5.916"/>
</testsuite> <!-- com.ravi.Scenario3Util -->
