<?xml version="1.0" encoding="UTF-8"?>
<!-- Generated by org.testng.reporters.JUnitReportReporter -->
<testsuite hostname="INLEN8520037407" failures="0" tests="1" name="com.replicon.companyHolidays" time="27.260" errors="0" timestamp="2024-04-02T22:55:39 IST" skipped="0">
  <testcase classname="com.replicon.companyHolidays" name="printCompanyHolidays" time="27.260"/>
</testsuite> <!-- com.replicon.companyHolidays -->
