<?xml version="1.0" encoding="UTF-8"?>
<!-- Generated by org.testng.reporters.JUnitReportReporter -->
<testsuite hostname="INLEN8520037407" failures="0" tests="1" name="com.ravi.Scenario2Util" time="4.968" errors="0" timestamp="2024-03-20T15:31:25 IST" skipped="0">
  <testcase classname="com.ravi.Scenario2Util" name="test" time="4.968"/>
</testsuite> <!-- com.ravi.Scenario2Util -->
