<?xml version="1.0" encoding="UTF-8"?>
<!-- Generated by org.testng.reporters.JUnitReportReporter -->
<testsuite hostname="INLEN8520037407" failures="0" tests="1" name="com.replicon.MySchedule" time="8.337" errors="0" timestamp="2024-04-03T16:43:05 IST" skipped="0">
  <testcase classname="com.replicon.MySchedule" name="printWeekWorkTime" time="8.337"/>
</testsuite> <!-- com.replicon.MySchedule -->
