<?xml version="1.0" encoding="UTF-8"?>
<!-- Generated by org.testng.reporters.JUnitReportReporter -->
<testsuite hostname="INLEN8520037407" failures="0" tests="1" name="com.replicon.TimeOffBalances" time="15.625" errors="0" timestamp="2024-04-03T17:07:07 IST" skipped="0">
  <testcase classname="com.replicon.TimeOffBalances" name="printCompanyHolidays" time="15.625"/>
</testsuite> <!-- com.replicon.TimeOffBalances -->
