<?xml version="1.0" encoding="UTF-8"?>
<!-- Generated by org.testng.reporters.JUnitReportReporter -->
<testsuite hostname="INLEN8520037407" failures="0" tests="1" name="com.replicon.MyTimeOff" time="8.816" errors="0" timestamp="2024-04-03T16:47:38 IST" skipped="0">
  <testcase classname="com.replicon.MyTimeOff" name="printCompanyHolidays" time="8.816"/>
</testsuite> <!-- com.replicon.MyTimeOff -->
