<?xml version="1.0" encoding="UTF-8"?>
<!-- Generated by org.testng.reporters.JUnitReportReporter -->
<testsuite hostname="INLEN8520037407" failures="0" tests="1" name="com.replicon.Testtt" time="8.513" errors="0" timestamp="2024-04-03T15:53:28 IST" skipped="0">
  <testcase classname="com.replicon.Testtt" name="printCompanyHolidays" time="8.513"/>
</testsuite> <!-- com.replicon.Testtt -->
