<?xml version="1.0" encoding="UTF-8"?>
<!-- Generated by org.testng.reporters.JUnitReportReporter -->
<testsuite hostname="INLEN8520037407" failures="0" tests="1" name="com.ravi.Scenario3Util" time="10.661" errors="0" timestamp="2024-04-02T00:29:24 IST" skipped="0">
  <testcase classname="com.ravi.Scenario3Util" name="takeAScreenShot" time="10.661"/>
</testsuite> <!-- com.ravi.Scenario3Util -->
