<?xml version="1.0" encoding="UTF-8"?>
<!-- Generated by org.testng.reporters.JUnitReportReporter -->
<testsuite hostname="INLEN8520037407" failures="0" tests="1" name="com.replicon.companyHolidays" time="14.717" errors="0" timestamp="2024-04-03T16:16:13 IST" skipped="0">
  <testcase classname="com.replicon.companyHolidays" name="printCompanyHolidays" time="14.717"/>
</testsuite> <!-- com.replicon.companyHolidays -->
