<?xml version="1.0" encoding="UTF-8"?>
<!-- Generated by org.testng.reporters.JUnitReportReporter -->
<testsuite hostname="INLEN8520037407" failures="0" tests="1" name="com.ravi.Scenario2Test" time="16.292" errors="0" timestamp="2024-03-13T18:39:01 IST" skipped="0">
  <testcase classname="com.ravi.Scenario2Test" name="ExecutingTheFlow" time="16.292"/>
</testsuite> <!-- com.ravi.Scenario2Test -->
