<?xml version="1.0" encoding="UTF-8"?>
<!-- Generated by org.testng.reporters.JUnitReportReporter -->
<testsuite hostname="INLEN8520037407" failures="0" tests="1" name="com.replicon.weekWorkTime" time="12.964" errors="0" timestamp="2024-04-03T16:35:01 IST" skipped="0">
  <testcase classname="com.replicon.weekWorkTime" name="printWeekWorkTime" time="12.964"/>
</testsuite> <!-- com.replicon.weekWorkTime -->
