<?xml version="1.0" encoding="UTF-8"?>
<!-- Generated by org.testng.reporters.JUnitReportReporter -->
<testsuite hostname="INLEN8520037407" failures="0" tests="1" name="com.demo.test.Scenario2Test" time="13.477" errors="0" timestamp="2024-03-08T16:26:03 IST" skipped="0">
  <testcase classname="com.demo.test.Scenario2Test" name="ExecutingTheFlow" time="13.477"/>
</testsuite> <!-- com.demo.test.Scenario2Test -->
